[0mGET /getUserInfo/149 [36m304 [0m215.828 ms - -[0m
[0mGET /getShopInfo [36m304 [0m225.006 ms - -[0m
[0mGET /getCartList/149 [36m304 [0m229.537 ms - -[0m
[0mGET /getGoodsDetails/4201 [32m200 [0m268.844 ms - 1249[0m
[0mGET /getCategory [36m304 [0m246.353 ms - -[0m
[0mGET /getShopInfo [36m304 [0m225.233 ms - -[0m
[0mGET /getCartList/149 [36m304 [0m60.367 ms - -[0m
[0mGET /getUserInfo/149 [36m304 [0m240.116 ms - -[0m
[0mGET /getCategory [36m304 [0m77.092 ms - -[0m
[0mGET /getGoodsDetails/4201 [36m304 [0m91.170 ms - -[0m
[0mGET /getUserInfo/149 [36m304 [0m151.621 ms - -[0m
[0mGET /getCartList/149 [36m304 [0m160.484 ms - -[0m
[0mGET /getUserInfo/149 [36m304 [0m171.805 ms - -[0m
[0mGET /getCartList/149 [36m304 [0m45.802 ms - -[0m
[0mGET /getShopInfo [32m200 [0m36.984 ms - 897[0m
[0mGET /getShopInfo [36m304 [0m199.300 ms - -[0m
[0mGET /getCartList/149 [36m304 [0m217.872 ms - -[0m
[0mGET /getUserInfo/149 [36m304 [0m192.047 ms - -[0m
[0mGET /getCategory [36m304 [0m229.483 ms - -[0m
[0mGET /getGoodsDetails/4201 [36m304 [0m246.299 ms - -[0m
[0mGET /getCartList/149 [36m304 [0m118.757 ms - -[0m
[0mGET /getHomeData [36m304 [0m207.929 ms - -[0m
[0mGET /getGoodsDetails/4201 [36m304 [0m132.960 ms - -[0m
[0mGET /getCartList/149 [36m304 [0m120.764 ms - -[0m
[0mGET /getCartList/149 [36m304 [0m183.808 ms - -[0m
[0mGET /getCategory [36m304 [0m190.183 ms - -[0m
[0mGET /getShopInfo [36m304 [0m181.508 ms - -[0m
[0mGET /getUserInfo/149 [36m304 [0m179.942 ms - -[0m
[0mGET /getGoodsDetails/4201 [36m304 [0m198.741 ms - -[0m
[0mGET /getUserInfo/149 [36m304 [0m222.958 ms - -[0m
[0mGET /getShopInfo [36m304 [0m222.975 ms - -[0m
[0mGET /getCartList/149 [36m304 [0m84.553 ms - -[0m
[0mGET /getCategory [36m304 [0m77.153 ms - -[0m
[0mGET /getGoodsDetails/4201 [36m304 [0m303.270 ms - -[0m
[0mGET /getShopInfo [36m304 [0m179.840 ms - -[0m
[0mGET /getUserInfo/149 [36m304 [0m171.809 ms - -[0m
[0mGET /getCartList/149 [36m304 [0m183.099 ms - -[0m
[0mGET /getCategory [36m304 [0m188.007 ms - -[0m
[0mGET /getGoodsDetails/4201 [36m304 [0m204.927 ms - -[0m
[0mGET /getCartList/149 [36m304 [0m123.283 ms - -[0m
[0mGET /getGoodsDetails/4201 [36m304 [0m138.288 ms - -[0m
[0mGET /getShopInfo [36m304 [0m155.476 ms - -[0m
[0mGET /getCartList/149 [36m304 [0m163.940 ms - -[0m
[0mGET /getShopInfo [36m304 [0m217.262 ms - -[0m
[0mGET /getUserInfo/149 [32m200 [0m199.192 ms - 75[0m
[0mGET /getCartList/149 [36m304 [0m95.040 ms - -[0m
[0mGET /getCategory [32m200 [0m108.844 ms - 2753[0m
[0mGET /getGoodsDetails/4201 [32m200 [0m149.279 ms - 1249[0m
[0mGET /getShopInfo [36m304 [0m31.117 ms - -[0m
[0mGET /getCategory [36m304 [0m38.208 ms - -[0m
[0mGET /getUserInfo/149 [36m304 [0m158.623 ms - -[0m
[0mGET /getShopInfo [36m304 [0m191.552 ms - -[0m
[0mGET /getUserInfo/149 [36m304 [0m263.111 ms - -[0m
[0mGET /getUserInfo/149 [36m304 [0m202.924 ms - -[0m
[0mGET /getShopInfo [36m304 [0m235.929 ms - -[0m
[0mGET /getCartList/149 [36m304 [0m134.704 ms - -[0m
[0mGET /getCategory [32m200 [0m147.639 ms - 2753[0m
[0mGET /getGoodsDetails/4201 [36m304 [0m168.955 ms - -[0m
[0mGET /getCartList/149 [36m304 [0m40.350 ms - -[0m
[0mGET /getUserInfo/149 [36m304 [0m203.957 ms - -[0m
[0mGET /getShopInfo [36m304 [0m204.467 ms - -[0m
[0mGET /getUserInfo/149 [36m304 [0m206.117 ms - -[0m
[0mGET /getShopInfo [36m304 [0m227.704 ms - -[0m
[0mGET /getCartList/149 [36m304 [0m238.663 ms - -[0m
[0mGET /getCategory [32m200 [0m251.694 ms - 2753[0m
[0mGET /getGoodsDetails/4201 [32m200 [0m267.596 ms - 1249[0m
[0mGET /getShopInfo [36m304 [0m222.587 ms - -[0m
[0mGET /getCategory [32m200 [0m132.918 ms - 2753[0m
[0mGET /getCartList/149 [32m200 [0m138.418 ms - 6154[0m
[0mGET /getGoodsDetails/4201 [32m200 [0m197.036 ms - 1249[0m
[0mGET /getCategory [36m304 [0m28.218 ms - -[0m
[0mGET /getCartList/149 [36m304 [0m40.934 ms - -[0m
[0mGET /getUserInfo/149 [32m200 [0m157.872 ms - 75[0m
[0mGET /getShopInfo [36m304 [0m154.906 ms - -[0m
[0mGET /getGoodsDetails/4201 [36m304 [0m156.148 ms - -[0m
[0mGET /getShopInfo [36m304 [0m207.368 ms - -[0m
[0mGET /getUserInfo/149 [36m304 [0m216.947 ms - -[0m
[0mGET /getCategory [36m304 [0m53.984 ms - -[0m
[0mGET /getCartList/149 [36m304 [0m70.932 ms - -[0m
[0mGET /getGoodsDetails/4201 [36m304 [0m116.878 ms - -[0m
[0mGET /getUserInfo/149 [36m304 [0m173.759 ms - -[0m
[0mGET /getShopInfo [36m304 [0m26.747 ms - -[0m
[0mGET /getGoodsDetails/4201 [36m304 [0m111.690 ms - -[0m
[0mGET /getCategory [36m304 [0m47.152 ms - -[0m
